[debug] [2020-06-02T14:00:34.926Z] ----------------------------------------------------------------------
[debug] [2020-06-02T14:00:34.928Z] Command:       /usr/local/bin/node /usr/local/bin/firebase deploy
[debug] [2020-06-02T14:00:34.928Z] CLI Version:   8.1.0
[debug] [2020-06-02T14:00:34.929Z] Platform:      darwin
[debug] [2020-06-02T14:00:34.929Z] Node Version:  v10.15.0
[debug] [2020-06-02T14:00:34.929Z] Time:          Tue Jun 02 2020 16:00:34 GMT+0200 (GMT+02:00)
[debug] [2020-06-02T14:00:34.930Z] ----------------------------------------------------------------------
[debug] [2020-06-02T14:00:34.930Z] 
[debug] [2020-06-02T14:00:34.946Z] > command requires scopes: ["email","openid","https://www.googleapis.com/auth/cloudplatformprojects.readonly","https://www.googleapis.com/auth/firebase","https://www.googleapis.com/auth/cloud-platform"]
[debug] [2020-06-02T14:00:34.946Z] > authorizing via signed-in user
[debug] [2020-06-02T14:00:34.947Z] [iam] checking project histopad-preview for permissions ["firebase.projects.get","firebasehosting.sites.update"]
[debug] [2020-06-02T14:00:34.949Z] > refreshing access token with scopes: ["email","https://www.googleapis.com/auth/cloud-platform","https://www.googleapis.com/auth/cloudplatformprojects.readonly","https://www.googleapis.com/auth/firebase","openid"]
[debug] [2020-06-02T14:00:34.949Z] >>> HTTP REQUEST POST https://www.googleapis.com/oauth2/v3/token  
 <request body omitted>
[debug] [2020-06-02T14:00:35.118Z] <<< HTTP RESPONSE 200 {"content-type":"application/json; charset=utf-8","vary":"X-Origin, Referer, Origin,Accept-Encoding","date":"Tue, 02 Jun 2020 14:00:35 GMT","server":"scaffolding on HTTPServer2","cache-control":"private","x-xss-protection":"0","x-frame-options":"SAMEORIGIN","x-content-type-options":"nosniff","alt-svc":"h3-27=\":443\"; ma=2592000,h3-25=\":443\"; ma=2592000,h3-T050=\":443\"; ma=2592000,h3-Q050=\":443\"; ma=2592000,h3-Q049=\":443\"; ma=2592000,h3-Q048=\":443\"; ma=2592000,h3-Q046=\":443\"; ma=2592000,h3-Q043=\":443\"; ma=2592000,quic=\":443\"; ma=2592000; v=\"46,43\"","accept-ranges":"none","transfer-encoding":"chunked"}
[debug] [2020-06-02T14:00:35.133Z] >>> HTTP REQUEST POST https://cloudresourcemanager.googleapis.com/v1/projects/histopad-preview:testIamPermissions  
 {"permissions":["firebase.projects.get","firebasehosting.sites.update"]}
[debug] [2020-06-02T14:00:35.879Z] <<< HTTP RESPONSE 200 {"content-type":"application/json; charset=UTF-8","vary":"X-Origin, Referer, Origin,Accept-Encoding","date":"Tue, 02 Jun 2020 14:00:35 GMT","server":"ESF","cache-control":"private","x-xss-protection":"0","x-frame-options":"SAMEORIGIN","x-content-type-options":"nosniff","server-timing":"gfet4t7; dur=576","alt-svc":"h3-27=\":443\"; ma=2592000,h3-25=\":443\"; ma=2592000,h3-T050=\":443\"; ma=2592000,h3-Q050=\":443\"; ma=2592000,h3-Q049=\":443\"; ma=2592000,h3-Q048=\":443\"; ma=2592000,h3-Q046=\":443\"; ma=2592000,h3-Q043=\":443\"; ma=2592000,quic=\":443\"; ma=2592000; v=\"46,43\"","accept-ranges":"none","transfer-encoding":"chunked"}
[debug] [2020-06-02T14:00:35.881Z] >>> HTTP REQUEST GET https://firebase.googleapis.com/v1beta1/projects/histopad-preview  
 
[debug] [2020-06-02T14:00:36.295Z] <<< HTTP RESPONSE 200 {"content-type":"application/json; charset=UTF-8","vary":"X-Origin, Referer, Origin,Accept-Encoding","date":"Tue, 02 Jun 2020 14:00:36 GMT","server":"ESF","cache-control":"private","x-xss-protection":"0","x-frame-options":"SAMEORIGIN","x-content-type-options":"nosniff","alt-svc":"h3-27=\":443\"; ma=2592000,h3-25=\":443\"; ma=2592000,h3-T050=\":443\"; ma=2592000,h3-Q050=\":443\"; ma=2592000,h3-Q049=\":443\"; ma=2592000,h3-Q048=\":443\"; ma=2592000,h3-Q046=\":443\"; ma=2592000,h3-Q043=\":443\"; ma=2592000,quic=\":443\"; ma=2592000; v=\"46,43\"","accept-ranges":"none","transfer-encoding":"chunked"}
[info] 
[info] === Deploying to 'histopad-preview'...
[info] 
[info] i  deploying hosting
[debug] [2020-06-02T14:00:36.299Z] >>> HTTP REQUEST POST https://firebasehosting.googleapis.com/v1beta1/sites/histopad-preview/versions  
 {"config":{"rewrites":[{"glob":"**","path":"/index.html"}]},"labels":{"deployment-tool":"cli-firebase"}}
[debug] [2020-06-02T14:00:37.856Z] <<< HTTP RESPONSE 200 {"content-type":"application/json; charset=UTF-8","vary":"X-Origin, Referer, Origin,Accept-Encoding","date":"Tue, 02 Jun 2020 14:00:37 GMT","server":"ESF","cache-control":"private","x-xss-protection":"0","x-frame-options":"SAMEORIGIN","x-content-type-options":"nosniff","alt-svc":"h3-27=\":443\"; ma=2592000,h3-25=\":443\"; ma=2592000,h3-T050=\":443\"; ma=2592000,h3-Q050=\":443\"; ma=2592000,h3-Q049=\":443\"; ma=2592000,h3-Q048=\":443\"; ma=2592000,h3-Q046=\":443\"; ma=2592000,h3-Q043=\":443\"; ma=2592000,quic=\":443\"; ma=2592000; v=\"46,43\"","accept-ranges":"none","transfer-encoding":"chunked"}
[info] i  hosting[histopad-preview]: beginning deploy...
[info] i  hosting[histopad-preview]: found 168 files in dist
[debug] [2020-06-02T14:00:40.128Z] [hosting] hash cache [ZGlzdA] stored for 168 files
[debug] [2020-06-02T14:00:40.129Z] [hosting][hash queue][FINAL] {"max":2047,"min":22,"avg":445.35714285714295,"active":0,"complete":168,"success":168,"errored":0,"retried":0,"total":168,"elapsed":2226}
[debug] [2020-06-02T14:00:40.129Z] >>> HTTP REQUEST POST https://firebasehosting.googleapis.com/v1beta1/projects/318121517967/sites/histopad-preview/versions/36270ceb60a31547:populateFiles  
 <request body omitted>
[debug] [2020-06-02T14:00:41.546Z] <<< HTTP RESPONSE 200 {"content-type":"application/json; charset=UTF-8","vary":"X-Origin, Referer, Origin,Accept-Encoding","date":"Tue, 02 Jun 2020 14:00:41 GMT","server":"ESF","cache-control":"private","x-xss-protection":"0","x-frame-options":"SAMEORIGIN","x-content-type-options":"nosniff","alt-svc":"h3-27=\":443\"; ma=2592000,h3-25=\":443\"; ma=2592000,h3-T050=\":443\"; ma=2592000,h3-Q050=\":443\"; ma=2592000,h3-Q049=\":443\"; ma=2592000,h3-Q048=\":443\"; ma=2592000,h3-Q046=\":443\"; ma=2592000,h3-Q043=\":443\"; ma=2592000,quic=\":443\"; ma=2592000; v=\"46,43\"","accept-ranges":"none","transfer-encoding":"chunked"}
[debug] [2020-06-02T14:00:41.561Z] [hosting][populate queue][FINAL] {"max":1421,"min":1421,"avg":1421,"active":0,"complete":1,"success":1,"errored":0,"retried":0,"total":1,"elapsed":1434}
[debug] [2020-06-02T14:00:41.561Z] [hosting] uploads queued: 26
